<?xml version="1.0" encoding="UTF-8"?>
<testng-results skipped="0" failed="0" ignored="0" total="2" passed="2">
  <reporter-output>
  </reporter-output>
  <suite name="Suite" duration-ms="9647" started-at="2019-11-19T15:03:42 GST" finished-at="2019-11-19T15:03:52 GST">
    <groups>
    </groups>
    <test name="Test" duration-ms="9647" started-at="2019-11-19T15:03:42 GST" finished-at="2019-11-19T15:03:52 GST">
      <class name="testNgTesting.Guru99Project">
        <test-method status="PASS" signature="invokrBrowser()[pri:0, instance:testNgTesting.Guru99Project@6fc6f14e]" name="invokrBrowser" is-config="true" duration-ms="7350" started-at="2019-11-19T15:03:42 GST" finished-at="2019-11-19T15:03:49 GST">
          <reporter-output>
          </reporter-output>
        </test-method> <!-- invokrBrowser -->
        <test-method status="PASS" signature="verifyTitleOfThePage()[pri:0, instance:testNgTesting.Guru99Project@6fc6f14e]" name="verifyTitleOfThePage" duration-ms="12" started-at="2019-11-19T15:03:49 GST" finished-at="2019-11-19T15:03:49 GST">
          <reporter-output>
          </reporter-output>
        </test-method> <!-- verifyTitleOfThePage -->
        <test-method status="PASS" signature="loginToGuru99(java.lang.String, java.lang.String)[pri:1000, instance:testNgTesting.Guru99Project@6fc6f14e]" name="loginToGuru99" duration-ms="1584" started-at="2019-11-19T15:03:49 GST" finished-at="2019-11-19T15:03:51 GST">
          <params>
            <param index="0">
              <value>
                <![CDATA[mngr233424]]>
              </value>
            </param>
            <param index="1">
              <value>
                <![CDATA[udatydU]]>
              </value>
            </param>
          </params>
          <reporter-output>
          </reporter-output>
        </test-method> <!-- loginToGuru99 -->
        <test-method status="PASS" signature="closeBrowser()[pri:0, instance:testNgTesting.Guru99Project@6fc6f14e]" name="closeBrowser" is-config="true" duration-ms="660" started-at="2019-11-19T15:03:51 GST" finished-at="2019-11-19T15:03:52 GST">
          <reporter-output>
          </reporter-output>
        </test-method> <!-- closeBrowser -->
      </class> <!-- testNgTesting.Guru99Project -->
    </test> <!-- Test -->
  </suite> <!-- Suite -->
</testng-results>
